[2023-07-11 16:31:22Z INFO HostContext] No proxy settings were found based on environmental variables (http_proxy/https_proxy/HTTP_PROXY/HTTPS_PROXY)
[2023-07-11 16:31:22Z INFO HostContext] Well known directory 'Bin': '/home/ab00721/Documents/cs6261project4/actions-runner/bin'
[2023-07-11 16:31:22Z INFO HostContext] Well known directory 'Root': '/home/ab00721/Documents/cs6261project4/actions-runner'
[2023-07-11 16:31:22Z INFO HostContext] Well known config file 'Credentials': '/home/ab00721/Documents/cs6261project4/actions-runner/.credentials'
[2023-07-11 16:31:22Z INFO HostContext] Well known directory 'Bin': '/home/ab00721/Documents/cs6261project4/actions-runner/bin'
[2023-07-11 16:31:22Z INFO HostContext] Well known directory 'Root': '/home/ab00721/Documents/cs6261project4/actions-runner'
[2023-07-11 16:31:22Z INFO HostContext] Well known config file 'Runner': '/home/ab00721/Documents/cs6261project4/actions-runner/.runner'
[2023-07-11 16:31:22Z INFO Listener] Runner is built for Linux (X64) - linux-x64.
[2023-07-11 16:31:22Z INFO Listener] RuntimeInformation: Linux 5.4.0-137-generic #154-Ubuntu SMP Thu Jan 5 17:03:22 UTC 2023.
[2023-07-11 16:31:23Z INFO Listener] Version: 2.306.0
[2023-07-11 16:31:23Z INFO Listener] Commit: da6dfe9110e494c9c0f375d9d0e1deff824b1e50
[2023-07-11 16:31:23Z INFO Listener] Culture: en-US
[2023-07-11 16:31:23Z INFO Listener] UI Culture: en-US
[2023-07-11 16:31:23Z INFO HostContext] Well known directory 'Bin': '/home/ab00721/Documents/cs6261project4/actions-runner/bin'
[2023-07-11 16:31:23Z INFO HostContext] Well known directory 'Root': '/home/ab00721/Documents/cs6261project4/actions-runner'
[2023-07-11 16:31:23Z INFO Listener] Validating directory permissions for: '/home/ab00721/Documents/cs6261project4/actions-runner'
[2023-07-11 16:31:23Z INFO CommandLineParser] Parse
[2023-07-11 16:31:23Z INFO CommandLineParser] Parsing 5 args
[2023-07-11 16:31:23Z INFO CommandLineParser] parsing argument
[2023-07-11 16:31:23Z INFO CommandLineParser] HasArgs: False
[2023-07-11 16:31:23Z INFO CommandLineParser] Adding Command: configure
[2023-07-11 16:31:23Z INFO CommandLineParser] parsing argument
[2023-07-11 16:31:23Z INFO CommandLineParser] HasArgs: True
[2023-07-11 16:31:23Z INFO CommandLineParser] arg: url
[2023-07-11 16:31:23Z INFO CommandLineParser] parsing argument
[2023-07-11 16:31:23Z INFO CommandLineParser] HasArgs: True
[2023-07-11 16:31:23Z INFO CommandLineParser] Adding option 'url': 'https://github.com/ab00721/cs6261project4'
[2023-07-11 16:31:23Z INFO CommandLineParser] parsing argument
[2023-07-11 16:31:23Z INFO CommandLineParser] HasArgs: True
[2023-07-11 16:31:23Z INFO CommandLineParser] arg: token
[2023-07-11 16:31:23Z INFO CommandLineParser] parsing argument
[2023-07-11 16:31:23Z INFO CommandLineParser] HasArgs: True
[2023-07-11 16:31:23Z INFO CommandLineParser] Adding option 'token': '***'
[2023-07-11 16:31:23Z INFO Listener] Arguments parsed
[2023-07-11 16:31:23Z INFO Runner] ExecuteCommand
[2023-07-11 16:31:23Z INFO ConfigurationStore] currentAssemblyLocation: /home/ab00721/Documents/cs6261project4/actions-runner/bin/Runner.Listener.dll
[2023-07-11 16:31:23Z INFO HostContext] Well known directory 'Bin': '/home/ab00721/Documents/cs6261project4/actions-runner/bin'
[2023-07-11 16:31:23Z INFO ConfigurationStore] binPath: /home/ab00721/Documents/cs6261project4/actions-runner/bin
[2023-07-11 16:31:23Z INFO HostContext] Well known directory 'Bin': '/home/ab00721/Documents/cs6261project4/actions-runner/bin'
[2023-07-11 16:31:23Z INFO HostContext] Well known directory 'Root': '/home/ab00721/Documents/cs6261project4/actions-runner'
[2023-07-11 16:31:23Z INFO ConfigurationStore] RootFolder: /home/ab00721/Documents/cs6261project4/actions-runner
[2023-07-11 16:31:23Z INFO HostContext] Well known directory 'Bin': '/home/ab00721/Documents/cs6261project4/actions-runner/bin'
[2023-07-11 16:31:23Z INFO HostContext] Well known directory 'Root': '/home/ab00721/Documents/cs6261project4/actions-runner'
[2023-07-11 16:31:23Z INFO HostContext] Well known config file 'Runner': '/home/ab00721/Documents/cs6261project4/actions-runner/.runner'
[2023-07-11 16:31:23Z INFO ConfigurationStore] ConfigFilePath: /home/ab00721/Documents/cs6261project4/actions-runner/.runner
[2023-07-11 16:31:23Z INFO HostContext] Well known directory 'Bin': '/home/ab00721/Documents/cs6261project4/actions-runner/bin'
[2023-07-11 16:31:23Z INFO HostContext] Well known directory 'Root': '/home/ab00721/Documents/cs6261project4/actions-runner'
[2023-07-11 16:31:23Z INFO HostContext] Well known config file 'Credentials': '/home/ab00721/Documents/cs6261project4/actions-runner/.credentials'
[2023-07-11 16:31:23Z INFO ConfigurationStore] CredFilePath: /home/ab00721/Documents/cs6261project4/actions-runner/.credentials
[2023-07-11 16:31:23Z INFO HostContext] Well known directory 'Bin': '/home/ab00721/Documents/cs6261project4/actions-runner/bin'
[2023-07-11 16:31:23Z INFO HostContext] Well known directory 'Root': '/home/ab00721/Documents/cs6261project4/actions-runner'
[2023-07-11 16:31:23Z INFO HostContext] Well known config file 'MigratedCredentials': '/home/ab00721/Documents/cs6261project4/actions-runner/.credentials_migrated'
[2023-07-11 16:31:23Z INFO ConfigurationStore] MigratedCredFilePath: /home/ab00721/Documents/cs6261project4/actions-runner/.credentials_migrated
[2023-07-11 16:31:23Z INFO HostContext] Well known directory 'Bin': '/home/ab00721/Documents/cs6261project4/actions-runner/bin'
[2023-07-11 16:31:23Z INFO HostContext] Well known directory 'Root': '/home/ab00721/Documents/cs6261project4/actions-runner'
[2023-07-11 16:31:23Z INFO HostContext] Well known config file 'Service': '/home/ab00721/Documents/cs6261project4/actions-runner/.service'
[2023-07-11 16:31:23Z INFO ConfigurationStore] ServiceConfigFilePath: /home/ab00721/Documents/cs6261project4/actions-runner/.service
[2023-07-11 16:31:23Z INFO CommandSettings] Flag 'help': 'False'
[2023-07-11 16:31:23Z INFO CommandSettings] Flag 'version': 'False'
[2023-07-11 16:31:23Z INFO CommandSettings] Flag 'commit': 'False'
[2023-07-11 16:31:23Z INFO CommandSettings] Flag 'check': 'False'
[2023-07-11 16:31:23Z INFO CommandSettings] Command 'configure': 'True'
[2023-07-11 16:31:23Z INFO Terminal] WRITE LINE: 
[2023-07-11 16:31:23Z INFO Terminal] WRITE LINE: --------------------------------------------------------------------------------
[2023-07-11 16:31:23Z INFO Terminal] WRITE LINE: |        ____ _ _   _   _       _          _        _   _                      |
[2023-07-11 16:31:23Z INFO Terminal] WRITE LINE: |       / ___(_) |_| | | |_   _| |__      / \   ___| |_(_) ___  _ __  ___      |
[2023-07-11 16:31:23Z INFO Terminal] WRITE LINE: |      | |  _| | __| |_| | | | | '_ \    / _ \ / __| __| |/ _ \| '_ \/ __|     |
[2023-07-11 16:31:23Z INFO Terminal] WRITE LINE: |      | |_| | | |_|  _  | |_| | |_) |  / ___ \ (__| |_| | (_) | | | \__ \     |
[2023-07-11 16:31:23Z INFO Terminal] WRITE LINE: |       \____|_|\__|_| |_|\__,_|_.__/  /_/   \_\___|\__|_|\___/|_| |_|___/     |
[2023-07-11 16:31:23Z INFO Terminal] WRITE LINE: |                                                                              |
[2023-07-11 16:31:23Z INFO Terminal] WRITE: |                       
[2023-07-11 16:31:23Z INFO Terminal] WRITE: Self-hosted runner registration
[2023-07-11 16:31:23Z INFO Terminal] WRITE LINE:                         |
[2023-07-11 16:31:23Z INFO Terminal] WRITE LINE: |                                                                              |
[2023-07-11 16:31:23Z INFO Terminal] WRITE LINE: --------------------------------------------------------------------------------
[2023-07-11 16:31:23Z INFO ConfigurationManager] ConfigureAsync
[2023-07-11 16:31:23Z INFO CommandSettings] Flag 'generateServiceConfig': 'False'
[2023-07-11 16:31:23Z INFO ConfigurationStore] IsConfigured()
[2023-07-11 16:31:23Z INFO ConfigurationStore] IsConfigured: False
[2023-07-11 16:31:23Z INFO ConfigurationManager] Is configured: False
[2023-07-11 16:31:23Z INFO CommandSettings] Arg 'url': 'https://github.com/ab00721/cs6261project4'
[2023-07-11 16:31:23Z INFO CommandSettings] Remove url from Arg dictionary.
[2023-07-11 16:31:23Z INFO CommandSettings] Arg 'token': '***'
[2023-07-11 16:31:23Z INFO CommandSettings] Remove token from Arg dictionary.
[2023-07-11 16:31:23Z INFO ConfigurationManager] Http response code: OK from 'POST https://api.github.com/actions/runner-registration' (8480:62EC:1D28A6C:3AEB602:64AD83DB)
[2023-07-11 16:31:23Z INFO ConfigurationManager] Using V2 flow: False
[2023-07-11 16:31:23Z INFO ConfigurationManager] cred retrieved via GitHub auth
[2023-07-11 16:31:23Z INFO RunnerServer] EstablishVssConnection
[2023-07-11 16:31:23Z INFO RunnerServer] Establish connection with 100 seconds timeout.
[2023-07-11 16:31:23Z INFO GitHubActionsService] Starting operation Location.GetConnectionData
[2023-07-11 16:31:23Z INFO RunnerServer] EstablishVssConnection
[2023-07-11 16:31:23Z INFO RunnerServer] Establish connection with 60 seconds timeout.
[2023-07-11 16:31:23Z INFO GitHubActionsService] Starting operation Location.GetConnectionData
[2023-07-11 16:31:23Z INFO RunnerServer] EstablishVssConnection
[2023-07-11 16:31:23Z INFO RunnerServer] Establish connection with 60 seconds timeout.
[2023-07-11 16:31:23Z INFO GitHubActionsService] Starting operation Location.GetConnectionData
[2023-07-11 16:31:24Z INFO GitHubActionsService] Finished operation Location.GetConnectionData
[2023-07-11 16:31:24Z INFO GitHubActionsService] Finished operation Location.GetConnectionData
[2023-07-11 16:31:24Z INFO GitHubActionsService] Finished operation Location.GetConnectionData
[2023-07-11 16:31:24Z INFO Terminal] WRITE LINE: 
[2023-07-11 16:31:24Z INFO ConfigurationManager] Test Connection complete.
[2023-07-11 16:31:24Z INFO HostContext] Well known directory 'Bin': '/home/ab00721/Documents/cs6261project4/actions-runner/bin'
[2023-07-11 16:31:24Z INFO HostContext] Well known directory 'Root': '/home/ab00721/Documents/cs6261project4/actions-runner'
[2023-07-11 16:31:24Z INFO HostContext] Well known config file 'RSACredentials': '/home/ab00721/Documents/cs6261project4/actions-runner/.credentials_rsaparams'
[2023-07-11 16:31:24Z INFO RSAFileKeyManager] Creating new RSA key using 2048-bit key length
[2023-07-11 16:31:24Z INFO RSAFileKeyManager] Successfully saved RSA key parameters to file /home/ab00721/Documents/cs6261project4/actions-runner/.credentials_rsaparams
[2023-07-11 16:31:24Z INFO RSAFileKeyManager] Which: 'chmod'
[2023-07-11 16:31:24Z INFO RSAFileKeyManager] Location: '/bin/chmod'
[2023-07-11 16:31:24Z INFO HostContext] Well known directory 'Bin': '/home/ab00721/Documents/cs6261project4/actions-runner/bin'
[2023-07-11 16:31:24Z INFO HostContext] Well known directory 'Root': '/home/ab00721/Documents/cs6261project4/actions-runner'
[2023-07-11 16:31:24Z INFO ProcessInvokerWrapper] Starting process:
[2023-07-11 16:31:24Z INFO ProcessInvokerWrapper]   File name: '/bin/chmod'
[2023-07-11 16:31:24Z INFO ProcessInvokerWrapper]   Arguments: '600 /home/ab00721/Documents/cs6261project4/actions-runner/.credentials_rsaparams'
[2023-07-11 16:31:24Z INFO ProcessInvokerWrapper]   Working directory: '/home/ab00721/Documents/cs6261project4/actions-runner'
[2023-07-11 16:31:24Z INFO ProcessInvokerWrapper]   Require exit code zero: 'False'
[2023-07-11 16:31:24Z INFO ProcessInvokerWrapper]   Encoding web name:  ; code page: ''
[2023-07-11 16:31:24Z INFO ProcessInvokerWrapper]   Force kill process on cancellation: 'False'
[2023-07-11 16:31:24Z INFO ProcessInvokerWrapper]   Redirected STDIN: 'False'
[2023-07-11 16:31:24Z INFO ProcessInvokerWrapper]   Persist current code page: 'False'
[2023-07-11 16:31:24Z INFO ProcessInvokerWrapper]   Keep redirected STDIN open: 'False'
[2023-07-11 16:31:24Z INFO ProcessInvokerWrapper]   High priority process: 'False'
[2023-07-11 16:31:24Z INFO ProcessInvokerWrapper] Failed to update oom_score_adj for PID: 489931.
[2023-07-11 16:31:24Z INFO ProcessInvokerWrapper] System.UnauthorizedAccessException: Access to the path '/proc/489931/oom_score_adj' is denied.
 ---> System.IO.IOException: Permission denied
   --- End of inner exception stack trace ---
   at Interop.ThrowExceptionForIoErrno(ErrorInfo errorInfo, String path, Boolean isDirectory, Func`2 errorRewriter)
   at Microsoft.Win32.SafeHandles.SafeFileHandle.Open(String path, OpenFlags flags, Int32 mode)
   at Microsoft.Win32.SafeHandles.SafeFileHandle.Open(String fullPath, FileMode mode, FileAccess access, FileShare share, FileOptions options, Int64 preallocationSize)
   at System.IO.Strategies.OSFileStreamStrategy..ctor(String path, FileMode mode, FileAccess access, FileShare share, FileOptions options, Int64 preallocationSize)
   at System.IO.Strategies.FileStreamHelpers.ChooseStrategy(FileStream fileStream, String path, FileMode mode, FileAccess access, FileShare share, Int32 bufferSize, FileOptions options, Int64 preallocationSize)
   at System.IO.StreamWriter.ValidateArgsAndOpenPath(String path, Boolean append, Encoding encoding, Int32 bufferSize)
   at System.IO.File.WriteAllText(String path, String contents)
   at GitHub.Runner.Sdk.ProcessInvoker.WriteProcessOomScoreAdj(Int32 processId, Int32 oomScoreAdj)
[2023-07-11 16:31:24Z INFO ProcessInvokerWrapper] Process started with process id 489931, waiting for process exit.
[2023-07-11 16:31:24Z INFO ProcessInvokerWrapper] STDOUT/STDERR stream read finished.
[2023-07-11 16:31:24Z INFO ProcessInvokerWrapper] STDOUT/STDERR stream read finished.
[2023-07-11 16:31:24Z INFO ProcessInvokerWrapper] Finished process 489931 with exit code 0, and elapsed time 00:00:00.0220595.
[2023-07-11 16:31:24Z INFO RSAFileKeyManager] Successfully set permissions for RSA key parameters file /home/ab00721/Documents/cs6261project4/actions-runner/.credentials_rsaparams
[2023-07-11 16:31:24Z INFO CommandSettings] Arg 'runnergroup': ''
[2023-07-11 16:31:24Z INFO CommandSettings] Flag 'unattended': 'False'
[2023-07-11 16:31:24Z INFO PromptManager] ReadValue
[2023-07-11 16:31:24Z INFO Terminal] WRITE: Enter the name of the runner group to add this runner to: 
[2023-07-11 16:31:24Z INFO Terminal] WRITE: [press Enter for Default] 
[2023-07-11 16:31:24Z INFO Terminal] READ LINE
[2023-07-11 16:31:41Z INFO Terminal] Read value: './run.sh'
[2023-07-11 16:31:41Z INFO Terminal] WRITE LINE: 
[2023-07-11 16:31:41Z ERR  Runner] GitHub.DistributedTask.WebApi.TaskAgentPoolNotFoundException: Could not find any self-hosted runner group named "./run.sh".
   at GitHub.Runner.Listener.Configuration.ConfigurationManager.ConfigureAsync(CommandSettings command)
   at GitHub.Runner.Listener.Runner.ExecuteCommand(CommandSettings command)
[2023-07-11 16:31:41Z ERR  Terminal] WRITE ERROR: Could not find any self-hosted runner group named "./run.sh".
[2023-07-11 16:31:41Z INFO Listener] Runner execution has finished with return code 1
