[2023-07-11 16:32:23Z INFO HostContext] No proxy settings were found based on environmental variables (http_proxy/https_proxy/HTTP_PROXY/HTTPS_PROXY)
[2023-07-11 16:32:23Z INFO HostContext] Well known directory 'Bin': '/home/ab00721/Documents/cs6261project4/actions-runner/bin'
[2023-07-11 16:32:23Z INFO HostContext] Well known directory 'Root': '/home/ab00721/Documents/cs6261project4/actions-runner'
[2023-07-11 16:32:23Z INFO HostContext] Well known config file 'Credentials': '/home/ab00721/Documents/cs6261project4/actions-runner/.credentials'
[2023-07-11 16:32:23Z INFO HostContext] Well known directory 'Bin': '/home/ab00721/Documents/cs6261project4/actions-runner/bin'
[2023-07-11 16:32:23Z INFO HostContext] Well known directory 'Root': '/home/ab00721/Documents/cs6261project4/actions-runner'
[2023-07-11 16:32:23Z INFO HostContext] Well known config file 'Runner': '/home/ab00721/Documents/cs6261project4/actions-runner/.runner'
[2023-07-11 16:32:23Z INFO Listener] Runner is built for Linux (X64) - linux-x64.
[2023-07-11 16:32:23Z INFO Listener] RuntimeInformation: Linux 5.4.0-137-generic #154-Ubuntu SMP Thu Jan 5 17:03:22 UTC 2023.
[2023-07-11 16:32:23Z INFO Listener] Version: 2.306.0
[2023-07-11 16:32:23Z INFO Listener] Commit: da6dfe9110e494c9c0f375d9d0e1deff824b1e50
[2023-07-11 16:32:23Z INFO Listener] Culture: en-US
[2023-07-11 16:32:23Z INFO Listener] UI Culture: en-US
[2023-07-11 16:32:23Z INFO HostContext] Well known directory 'Bin': '/home/ab00721/Documents/cs6261project4/actions-runner/bin'
[2023-07-11 16:32:23Z INFO HostContext] Well known directory 'Root': '/home/ab00721/Documents/cs6261project4/actions-runner'
[2023-07-11 16:32:23Z INFO Listener] Validating directory permissions for: '/home/ab00721/Documents/cs6261project4/actions-runner'
[2023-07-11 16:32:23Z INFO CommandLineParser] Parse
[2023-07-11 16:32:23Z INFO CommandLineParser] Parsing 5 args
[2023-07-11 16:32:23Z INFO CommandLineParser] parsing argument
[2023-07-11 16:32:23Z INFO CommandLineParser] HasArgs: False
[2023-07-11 16:32:23Z INFO CommandLineParser] Adding Command: configure
[2023-07-11 16:32:23Z INFO CommandLineParser] parsing argument
[2023-07-11 16:32:23Z INFO CommandLineParser] HasArgs: True
[2023-07-11 16:32:23Z INFO CommandLineParser] arg: url
[2023-07-11 16:32:23Z INFO CommandLineParser] parsing argument
[2023-07-11 16:32:23Z INFO CommandLineParser] HasArgs: True
[2023-07-11 16:32:23Z INFO CommandLineParser] Adding option 'url': 'https://github.com/ab00721/cs6261project4'
[2023-07-11 16:32:23Z INFO CommandLineParser] parsing argument
[2023-07-11 16:32:23Z INFO CommandLineParser] HasArgs: True
[2023-07-11 16:32:23Z INFO CommandLineParser] arg: token
[2023-07-11 16:32:23Z INFO CommandLineParser] parsing argument
[2023-07-11 16:32:23Z INFO CommandLineParser] HasArgs: True
[2023-07-11 16:32:23Z INFO CommandLineParser] Adding option 'token': '***'
[2023-07-11 16:32:23Z INFO Listener] Arguments parsed
[2023-07-11 16:32:23Z INFO Runner] ExecuteCommand
[2023-07-11 16:32:23Z INFO ConfigurationStore] currentAssemblyLocation: /home/ab00721/Documents/cs6261project4/actions-runner/bin/Runner.Listener.dll
[2023-07-11 16:32:23Z INFO HostContext] Well known directory 'Bin': '/home/ab00721/Documents/cs6261project4/actions-runner/bin'
[2023-07-11 16:32:23Z INFO ConfigurationStore] binPath: /home/ab00721/Documents/cs6261project4/actions-runner/bin
[2023-07-11 16:32:23Z INFO HostContext] Well known directory 'Bin': '/home/ab00721/Documents/cs6261project4/actions-runner/bin'
[2023-07-11 16:32:23Z INFO HostContext] Well known directory 'Root': '/home/ab00721/Documents/cs6261project4/actions-runner'
[2023-07-11 16:32:23Z INFO ConfigurationStore] RootFolder: /home/ab00721/Documents/cs6261project4/actions-runner
[2023-07-11 16:32:23Z INFO HostContext] Well known directory 'Bin': '/home/ab00721/Documents/cs6261project4/actions-runner/bin'
[2023-07-11 16:32:23Z INFO HostContext] Well known directory 'Root': '/home/ab00721/Documents/cs6261project4/actions-runner'
[2023-07-11 16:32:23Z INFO HostContext] Well known config file 'Runner': '/home/ab00721/Documents/cs6261project4/actions-runner/.runner'
[2023-07-11 16:32:23Z INFO ConfigurationStore] ConfigFilePath: /home/ab00721/Documents/cs6261project4/actions-runner/.runner
[2023-07-11 16:32:23Z INFO HostContext] Well known directory 'Bin': '/home/ab00721/Documents/cs6261project4/actions-runner/bin'
[2023-07-11 16:32:23Z INFO HostContext] Well known directory 'Root': '/home/ab00721/Documents/cs6261project4/actions-runner'
[2023-07-11 16:32:23Z INFO HostContext] Well known config file 'Credentials': '/home/ab00721/Documents/cs6261project4/actions-runner/.credentials'
[2023-07-11 16:32:23Z INFO ConfigurationStore] CredFilePath: /home/ab00721/Documents/cs6261project4/actions-runner/.credentials
[2023-07-11 16:32:23Z INFO HostContext] Well known directory 'Bin': '/home/ab00721/Documents/cs6261project4/actions-runner/bin'
[2023-07-11 16:32:23Z INFO HostContext] Well known directory 'Root': '/home/ab00721/Documents/cs6261project4/actions-runner'
[2023-07-11 16:32:23Z INFO HostContext] Well known config file 'MigratedCredentials': '/home/ab00721/Documents/cs6261project4/actions-runner/.credentials_migrated'
[2023-07-11 16:32:23Z INFO ConfigurationStore] MigratedCredFilePath: /home/ab00721/Documents/cs6261project4/actions-runner/.credentials_migrated
[2023-07-11 16:32:23Z INFO HostContext] Well known directory 'Bin': '/home/ab00721/Documents/cs6261project4/actions-runner/bin'
[2023-07-11 16:32:23Z INFO HostContext] Well known directory 'Root': '/home/ab00721/Documents/cs6261project4/actions-runner'
[2023-07-11 16:32:23Z INFO HostContext] Well known config file 'Service': '/home/ab00721/Documents/cs6261project4/actions-runner/.service'
[2023-07-11 16:32:23Z INFO ConfigurationStore] ServiceConfigFilePath: /home/ab00721/Documents/cs6261project4/actions-runner/.service
[2023-07-11 16:32:23Z INFO CommandSettings] Flag 'help': 'False'
[2023-07-11 16:32:23Z INFO CommandSettings] Flag 'version': 'False'
[2023-07-11 16:32:23Z INFO CommandSettings] Flag 'commit': 'False'
[2023-07-11 16:32:23Z INFO CommandSettings] Flag 'check': 'False'
[2023-07-11 16:32:23Z INFO CommandSettings] Command 'configure': 'True'
[2023-07-11 16:32:23Z INFO Terminal] WRITE LINE: 
[2023-07-11 16:32:23Z INFO Terminal] WRITE LINE: --------------------------------------------------------------------------------
[2023-07-11 16:32:23Z INFO Terminal] WRITE LINE: |        ____ _ _   _   _       _          _        _   _                      |
[2023-07-11 16:32:23Z INFO Terminal] WRITE LINE: |       / ___(_) |_| | | |_   _| |__      / \   ___| |_(_) ___  _ __  ___      |
[2023-07-11 16:32:23Z INFO Terminal] WRITE LINE: |      | |  _| | __| |_| | | | | '_ \    / _ \ / __| __| |/ _ \| '_ \/ __|     |
[2023-07-11 16:32:23Z INFO Terminal] WRITE LINE: |      | |_| | | |_|  _  | |_| | |_) |  / ___ \ (__| |_| | (_) | | | \__ \     |
[2023-07-11 16:32:23Z INFO Terminal] WRITE LINE: |       \____|_|\__|_| |_|\__,_|_.__/  /_/   \_\___|\__|_|\___/|_| |_|___/     |
[2023-07-11 16:32:23Z INFO Terminal] WRITE LINE: |                                                                              |
[2023-07-11 16:32:23Z INFO Terminal] WRITE: |                       
[2023-07-11 16:32:23Z INFO Terminal] WRITE: Self-hosted runner registration
[2023-07-11 16:32:23Z INFO Terminal] WRITE LINE:                         |
[2023-07-11 16:32:23Z INFO Terminal] WRITE LINE: |                                                                              |
[2023-07-11 16:32:23Z INFO Terminal] WRITE LINE: --------------------------------------------------------------------------------
[2023-07-11 16:32:23Z INFO ConfigurationManager] ConfigureAsync
[2023-07-11 16:32:23Z INFO CommandSettings] Flag 'generateServiceConfig': 'False'
[2023-07-11 16:32:23Z INFO ConfigurationStore] IsConfigured()
[2023-07-11 16:32:23Z INFO ConfigurationStore] IsConfigured: False
[2023-07-11 16:32:23Z INFO ConfigurationManager] Is configured: False
[2023-07-11 16:32:23Z INFO CommandSettings] Arg 'url': 'https://github.com/ab00721/cs6261project4'
[2023-07-11 16:32:23Z INFO CommandSettings] Remove url from Arg dictionary.
[2023-07-11 16:32:23Z INFO CommandSettings] Arg 'token': '***'
[2023-07-11 16:32:23Z INFO CommandSettings] Remove token from Arg dictionary.
[2023-07-11 16:32:24Z INFO ConfigurationManager] Http response code: OK from 'POST https://api.github.com/actions/runner-registration' (AD68:0E95:1C611F0:398DCC8:64AD8417)
[2023-07-11 16:32:24Z INFO ConfigurationManager] Using V2 flow: False
[2023-07-11 16:32:24Z INFO ConfigurationManager] cred retrieved via GitHub auth
[2023-07-11 16:32:24Z INFO RunnerServer] EstablishVssConnection
[2023-07-11 16:32:24Z INFO RunnerServer] Establish connection with 100 seconds timeout.
[2023-07-11 16:32:24Z INFO GitHubActionsService] Starting operation Location.GetConnectionData
[2023-07-11 16:32:24Z INFO RunnerServer] EstablishVssConnection
[2023-07-11 16:32:24Z INFO RunnerServer] Establish connection with 60 seconds timeout.
[2023-07-11 16:32:24Z INFO GitHubActionsService] Starting operation Location.GetConnectionData
[2023-07-11 16:32:24Z INFO RunnerServer] EstablishVssConnection
[2023-07-11 16:32:24Z INFO RunnerServer] Establish connection with 60 seconds timeout.
[2023-07-11 16:32:24Z INFO GitHubActionsService] Starting operation Location.GetConnectionData
[2023-07-11 16:32:24Z INFO GitHubActionsService] Finished operation Location.GetConnectionData
[2023-07-11 16:32:24Z INFO GitHubActionsService] Finished operation Location.GetConnectionData
[2023-07-11 16:32:24Z INFO GitHubActionsService] Finished operation Location.GetConnectionData
[2023-07-11 16:32:24Z INFO Terminal] WRITE LINE: 
[2023-07-11 16:32:24Z INFO ConfigurationManager] Test Connection complete.
[2023-07-11 16:32:24Z INFO HostContext] Well known directory 'Bin': '/home/ab00721/Documents/cs6261project4/actions-runner/bin'
[2023-07-11 16:32:24Z INFO HostContext] Well known directory 'Root': '/home/ab00721/Documents/cs6261project4/actions-runner'
[2023-07-11 16:32:24Z INFO HostContext] Well known config file 'RSACredentials': '/home/ab00721/Documents/cs6261project4/actions-runner/.credentials_rsaparams'
[2023-07-11 16:32:24Z INFO RSAFileKeyManager] Found existing RSA key parameters file /home/ab00721/Documents/cs6261project4/actions-runner/.credentials_rsaparams
[2023-07-11 16:32:24Z INFO CommandSettings] Arg 'runnergroup': ''
[2023-07-11 16:32:24Z INFO CommandSettings] Flag 'unattended': 'False'
[2023-07-11 16:32:24Z INFO PromptManager] ReadValue
[2023-07-11 16:32:24Z INFO Terminal] WRITE: Enter the name of the runner group to add this runner to: 
[2023-07-11 16:32:24Z INFO Terminal] WRITE: [press Enter for Default] 
[2023-07-11 16:32:24Z INFO Terminal] READ LINE
[2023-07-11 16:32:27Z INFO Terminal] Read value: ''
[2023-07-11 16:32:27Z INFO PromptManager] Falling back to the default: 'Default'
[2023-07-11 16:32:27Z INFO Terminal] WRITE LINE: 
[2023-07-11 16:32:27Z INFO ConfigurationManager] Found a self-hosted runner group with id 1 and name Default
[2023-07-11 16:32:27Z INFO CommandSettings] Flag 'disableupdate': 'False'
[2023-07-11 16:32:27Z INFO CommandSettings] Flag 'ephemeral': 'False'
[2023-07-11 16:32:27Z INFO CommandSettings] Arg 'name': ''
[2023-07-11 16:32:27Z INFO CommandSettings] Flag 'unattended': 'False'
[2023-07-11 16:32:27Z INFO PromptManager] ReadValue
[2023-07-11 16:32:27Z INFO Terminal] WRITE: Enter the name of runner: 
[2023-07-11 16:32:27Z INFO Terminal] WRITE: [press Enter for cs6261-vm21] 
[2023-07-11 16:32:27Z INFO Terminal] READ LINE
[2023-07-11 16:32:37Z INFO Terminal] Read value: ''
[2023-07-11 16:32:37Z INFO PromptManager] Falling back to the default: 'cs6261-vm21'
[2023-07-11 16:32:37Z INFO Terminal] WRITE LINE: 
[2023-07-11 16:32:37Z INFO CommandSettings] Arg 'labels': ''
[2023-07-11 16:32:37Z INFO CommandSettings] Flag 'unattended': 'False'
[2023-07-11 16:32:37Z INFO PromptManager] ReadValue
[2023-07-11 16:32:37Z INFO Terminal] WRITE: This runner will have the following labels: 'self-hosted', 'Linux', 'X64' 
Enter any additional labels (ex. label-1,label-2): 
[2023-07-11 16:32:37Z INFO Terminal] WRITE: [press Enter to skip] 
[2023-07-11 16:32:37Z INFO Terminal] READ LINE
[2023-07-11 16:32:46Z INFO Terminal] Read value: ''
[2023-07-11 16:32:46Z INFO Terminal] WRITE LINE: 
[2023-07-11 16:32:46Z INFO CommandSettings] Flag 'disableupdate': 'False'
[2023-07-11 16:32:46Z INFO CommandSettings] Flag 'no-default-labels': 'False'
[2023-07-11 16:32:46Z INFO CommandSettings] Flag 'disableupdate': 'False'
[2023-07-11 16:32:46Z INFO CommandSettings] Flag 'ephemeral': 'False'
[2023-07-11 16:32:47Z INFO ConfigurationStore] Saving OAuth credential @ /home/ab00721/Documents/cs6261project4/actions-runner/.credentials
[2023-07-11 16:32:47Z INFO ConfigurationStore] Credentials Saved.
[2023-07-11 16:32:47Z INFO ConfigurationStore] HasCredentials()
[2023-07-11 16:32:47Z INFO ConfigurationStore] stored True
[2023-07-11 16:32:47Z INFO CredentialManager] GetCredentialProvider
[2023-07-11 16:32:47Z INFO CredentialManager] Creating type OAuth
[2023-07-11 16:32:47Z INFO CredentialManager] Creating credential type: OAuth
[2023-07-11 16:32:47Z INFO RSAFileKeyManager] Loading RSA key parameters from file /home/ab00721/Documents/cs6261project4/actions-runner/.credentials_rsaparams
[2023-07-11 16:32:47Z INFO RunnerServer] EstablishVssConnection
[2023-07-11 16:32:47Z INFO RunnerServer] Establish connection with 100 seconds timeout.
[2023-07-11 16:32:47Z INFO GitHubActionsService] Starting operation Location.GetConnectionData
[2023-07-11 16:32:47Z INFO RunnerServer] EstablishVssConnection
[2023-07-11 16:32:47Z INFO RunnerServer] Establish connection with 60 seconds timeout.
[2023-07-11 16:32:47Z INFO GitHubActionsService] Starting operation Location.GetConnectionData
[2023-07-11 16:32:47Z INFO RunnerServer] EstablishVssConnection
[2023-07-11 16:32:47Z INFO RunnerServer] Establish connection with 60 seconds timeout.
[2023-07-11 16:32:47Z INFO GitHubActionsService] Starting operation Location.GetConnectionData
[2023-07-11 16:32:47Z INFO GitHubActionsService] Finished operation Location.GetConnectionData
[2023-07-11 16:32:47Z INFO GitHubActionsService] Finished operation Location.GetConnectionData
[2023-07-11 16:32:47Z INFO GitHubActionsService] Finished operation Location.GetConnectionData
[2023-07-11 16:32:47Z INFO RSAFileKeyManager] Loading RSA key parameters from file /home/ab00721/Documents/cs6261project4/actions-runner/.credentials_rsaparams
[2023-07-11 16:32:47Z INFO RSAFileKeyManager] Loading RSA key parameters from file /home/ab00721/Documents/cs6261project4/actions-runner/.credentials_rsaparams
[2023-07-11 16:32:47Z INFO GitHubActionsService] AAD Correlation ID for this token request: Unknown
[2023-07-11 16:32:47Z INFO CommandSettings] Arg 'work': ''
[2023-07-11 16:32:47Z INFO CommandSettings] Flag 'unattended': 'False'
[2023-07-11 16:32:47Z INFO PromptManager] ReadValue
[2023-07-11 16:32:47Z INFO Terminal] WRITE: Enter name of work folder: 
[2023-07-11 16:32:47Z INFO Terminal] WRITE: [press Enter for _work] 
[2023-07-11 16:32:47Z INFO Terminal] READ LINE
[2023-07-11 16:32:54Z INFO Terminal] Read value: ''
[2023-07-11 16:32:54Z INFO PromptManager] Falling back to the default: '_work'
[2023-07-11 16:32:54Z INFO ConfigurationStore] Saving runner settings.
[2023-07-11 16:32:54Z INFO ConfigurationStore] Settings Saved.
[2023-07-11 16:32:54Z INFO Terminal] WRITE LINE: 
[2023-07-11 16:32:54Z INFO Terminal] WRITE LINE: 
[2023-07-11 16:32:54Z INFO SystemDControlManager] Service name 'actions.runner.ab00721-cs6261project4.cs6261-vm21.service' display name 'GitHub Actions Runner (ab00721-cs6261project4.cs6261-vm21)' will be used for service configuration.
[2023-07-11 16:32:54Z INFO HostContext] Well known directory 'Bin': '/home/ab00721/Documents/cs6261project4/actions-runner/bin'
[2023-07-11 16:32:54Z INFO HostContext] Well known directory 'Root': '/home/ab00721/Documents/cs6261project4/actions-runner'
[2023-07-11 16:32:54Z INFO HostContext] Well known directory 'Bin': '/home/ab00721/Documents/cs6261project4/actions-runner/bin'
[2023-07-11 16:32:54Z INFO HostContext] Well known directory 'Bin': '/home/ab00721/Documents/cs6261project4/actions-runner/bin'
[2023-07-11 16:32:54Z INFO HostContext] Well known directory 'Root': '/home/ab00721/Documents/cs6261project4/actions-runner'
[2023-07-11 16:32:54Z INFO UnixUtil] Which: 'chmod'
[2023-07-11 16:32:54Z INFO UnixUtil] Location: '/bin/chmod'
[2023-07-11 16:32:54Z INFO UnixUtil] Running /bin/chmod 755 "/home/ab00721/Documents/cs6261project4/actions-runner/svc.sh"
[2023-07-11 16:32:54Z INFO ProcessInvokerWrapper] Starting process:
[2023-07-11 16:32:54Z INFO ProcessInvokerWrapper]   File name: '/bin/chmod'
[2023-07-11 16:32:54Z INFO ProcessInvokerWrapper]   Arguments: '755 "/home/ab00721/Documents/cs6261project4/actions-runner/svc.sh"'
[2023-07-11 16:32:54Z INFO ProcessInvokerWrapper]   Working directory: '/home/ab00721/Documents/cs6261project4/actions-runner'
[2023-07-11 16:32:54Z INFO ProcessInvokerWrapper]   Require exit code zero: 'True'
[2023-07-11 16:32:54Z INFO ProcessInvokerWrapper]   Encoding web name:  ; code page: ''
[2023-07-11 16:32:54Z INFO ProcessInvokerWrapper]   Force kill process on cancellation: 'False'
[2023-07-11 16:32:54Z INFO ProcessInvokerWrapper]   Redirected STDIN: 'False'
[2023-07-11 16:32:54Z INFO ProcessInvokerWrapper]   Persist current code page: 'False'
[2023-07-11 16:32:54Z INFO ProcessInvokerWrapper]   Keep redirected STDIN open: 'False'
[2023-07-11 16:32:54Z INFO ProcessInvokerWrapper]   High priority process: 'False'
[2023-07-11 16:32:54Z INFO ProcessInvokerWrapper] Process started with process id 490030, waiting for process exit.
[2023-07-11 16:32:54Z INFO ProcessInvokerWrapper] STDOUT/STDERR stream read finished.
[2023-07-11 16:32:54Z INFO ProcessInvokerWrapper] STDOUT/STDERR stream read finished.
[2023-07-11 16:32:54Z INFO ProcessInvokerWrapper] Finished process 490030 with exit code 0, and elapsed time 00:00:00.0108240.
[2023-07-11 16:32:54Z INFO Listener] Runner execution has finished with return code 0
