[2023-07-11 16:33:05Z INFO HostContext] No proxy settings were found based on environmental variables (http_proxy/https_proxy/HTTP_PROXY/HTTPS_PROXY)
[2023-07-11 16:33:05Z INFO HostContext] Well known directory 'Bin': '/home/ab00721/Documents/cs6261project4/actions-runner/bin'
[2023-07-11 16:33:05Z INFO HostContext] Well known directory 'Root': '/home/ab00721/Documents/cs6261project4/actions-runner'
[2023-07-11 16:33:05Z INFO HostContext] Well known config file 'Credentials': '/home/ab00721/Documents/cs6261project4/actions-runner/.credentials'
[2023-07-11 16:33:05Z INFO HostContext] Well known directory 'Bin': '/home/ab00721/Documents/cs6261project4/actions-runner/bin'
[2023-07-11 16:33:05Z INFO HostContext] Well known directory 'Root': '/home/ab00721/Documents/cs6261project4/actions-runner'
[2023-07-11 16:33:05Z INFO HostContext] Well known config file 'Runner': '/home/ab00721/Documents/cs6261project4/actions-runner/.runner'
[2023-07-11 16:33:05Z INFO Listener] Runner is built for Linux (X64) - linux-x64.
[2023-07-11 16:33:05Z INFO Listener] RuntimeInformation: Linux 5.4.0-137-generic #154-Ubuntu SMP Thu Jan 5 17:03:22 UTC 2023.
[2023-07-11 16:33:05Z INFO Listener] Version: 2.306.0
[2023-07-11 16:33:05Z INFO Listener] Commit: da6dfe9110e494c9c0f375d9d0e1deff824b1e50
[2023-07-11 16:33:05Z INFO Listener] Culture: en-US
[2023-07-11 16:33:05Z INFO Listener] UI Culture: en-US
[2023-07-11 16:33:05Z INFO HostContext] Well known directory 'Bin': '/home/ab00721/Documents/cs6261project4/actions-runner/bin'
[2023-07-11 16:33:05Z INFO HostContext] Well known directory 'Root': '/home/ab00721/Documents/cs6261project4/actions-runner'
[2023-07-11 16:33:05Z INFO Listener] Validating directory permissions for: '/home/ab00721/Documents/cs6261project4/actions-runner'
[2023-07-11 16:33:05Z INFO CommandLineParser] Parse
[2023-07-11 16:33:05Z INFO CommandLineParser] Parsing 1 args
[2023-07-11 16:33:05Z INFO CommandLineParser] parsing argument
[2023-07-11 16:33:05Z INFO CommandLineParser] HasArgs: False
[2023-07-11 16:33:05Z INFO CommandLineParser] Adding Command: run
[2023-07-11 16:33:05Z INFO Listener] Arguments parsed
[2023-07-11 16:33:05Z INFO Runner] ExecuteCommand
[2023-07-11 16:33:05Z INFO ConfigurationStore] currentAssemblyLocation: /home/ab00721/Documents/cs6261project4/actions-runner/bin/Runner.Listener.dll
[2023-07-11 16:33:05Z INFO HostContext] Well known directory 'Bin': '/home/ab00721/Documents/cs6261project4/actions-runner/bin'
[2023-07-11 16:33:05Z INFO ConfigurationStore] binPath: /home/ab00721/Documents/cs6261project4/actions-runner/bin
[2023-07-11 16:33:05Z INFO HostContext] Well known directory 'Bin': '/home/ab00721/Documents/cs6261project4/actions-runner/bin'
[2023-07-11 16:33:05Z INFO HostContext] Well known directory 'Root': '/home/ab00721/Documents/cs6261project4/actions-runner'
[2023-07-11 16:33:05Z INFO ConfigurationStore] RootFolder: /home/ab00721/Documents/cs6261project4/actions-runner
[2023-07-11 16:33:05Z INFO HostContext] Well known directory 'Bin': '/home/ab00721/Documents/cs6261project4/actions-runner/bin'
[2023-07-11 16:33:05Z INFO HostContext] Well known directory 'Root': '/home/ab00721/Documents/cs6261project4/actions-runner'
[2023-07-11 16:33:05Z INFO HostContext] Well known config file 'Runner': '/home/ab00721/Documents/cs6261project4/actions-runner/.runner'
[2023-07-11 16:33:05Z INFO ConfigurationStore] ConfigFilePath: /home/ab00721/Documents/cs6261project4/actions-runner/.runner
[2023-07-11 16:33:05Z INFO HostContext] Well known directory 'Bin': '/home/ab00721/Documents/cs6261project4/actions-runner/bin'
[2023-07-11 16:33:05Z INFO HostContext] Well known directory 'Root': '/home/ab00721/Documents/cs6261project4/actions-runner'
[2023-07-11 16:33:05Z INFO HostContext] Well known config file 'Credentials': '/home/ab00721/Documents/cs6261project4/actions-runner/.credentials'
[2023-07-11 16:33:05Z INFO ConfigurationStore] CredFilePath: /home/ab00721/Documents/cs6261project4/actions-runner/.credentials
[2023-07-11 16:33:05Z INFO HostContext] Well known directory 'Bin': '/home/ab00721/Documents/cs6261project4/actions-runner/bin'
[2023-07-11 16:33:05Z INFO HostContext] Well known directory 'Root': '/home/ab00721/Documents/cs6261project4/actions-runner'
[2023-07-11 16:33:05Z INFO HostContext] Well known config file 'MigratedCredentials': '/home/ab00721/Documents/cs6261project4/actions-runner/.credentials_migrated'
[2023-07-11 16:33:05Z INFO ConfigurationStore] MigratedCredFilePath: /home/ab00721/Documents/cs6261project4/actions-runner/.credentials_migrated
[2023-07-11 16:33:05Z INFO HostContext] Well known directory 'Bin': '/home/ab00721/Documents/cs6261project4/actions-runner/bin'
[2023-07-11 16:33:05Z INFO HostContext] Well known directory 'Root': '/home/ab00721/Documents/cs6261project4/actions-runner'
[2023-07-11 16:33:05Z INFO HostContext] Well known config file 'Service': '/home/ab00721/Documents/cs6261project4/actions-runner/.service'
[2023-07-11 16:33:05Z INFO ConfigurationStore] ServiceConfigFilePath: /home/ab00721/Documents/cs6261project4/actions-runner/.service
[2023-07-11 16:33:05Z INFO CommandSettings] Flag 'help': 'False'
[2023-07-11 16:33:05Z INFO CommandSettings] Flag 'version': 'False'
[2023-07-11 16:33:05Z INFO CommandSettings] Flag 'commit': 'False'
[2023-07-11 16:33:05Z INFO CommandSettings] Flag 'check': 'False'
[2023-07-11 16:33:05Z INFO CommandSettings] Command 'configure': 'False'
[2023-07-11 16:33:05Z INFO CommandSettings] Command 'remove': 'False'
[2023-07-11 16:33:05Z INFO CommandSettings] Command 'warmup': 'False'
[2023-07-11 16:33:05Z INFO ConfigurationManager] LoadSettings
[2023-07-11 16:33:05Z INFO ConfigurationStore] IsConfigured()
[2023-07-11 16:33:05Z INFO ConfigurationStore] IsConfigured: True
[2023-07-11 16:33:05Z INFO ConfigurationManager] Is configured: True
[2023-07-11 16:33:05Z INFO ConfigurationStore] Read setting file: 291 chars
[2023-07-11 16:33:05Z INFO ConfigurationManager] Settings Loaded
[2023-07-11 16:33:05Z INFO ConfigurationStore] IsServiceConfigured()
[2023-07-11 16:33:05Z INFO ConfigurationStore] IsServiceConfigured: False
[2023-07-11 16:33:05Z INFO CommandSettings] Command 'run': 'True'
[2023-07-11 16:33:05Z INFO ConfigurationStore] IsConfigured()
[2023-07-11 16:33:05Z INFO ConfigurationStore] IsConfigured: True
[2023-07-11 16:33:05Z INFO ConfigurationManager] Is configured: True
[2023-07-11 16:33:05Z INFO Runner] Could not parse the argument value '' for StartupType. Defaulting to Manual
[2023-07-11 16:33:05Z INFO Runner] Set runner startup type - Manual
[2023-07-11 16:33:05Z INFO CommandSettings] Flag 'once': 'False'
[2023-07-11 16:33:05Z INFO CommandSettings] Flag 'once': 'False'
[2023-07-11 16:33:05Z INFO Runner] RunAsync
[2023-07-11 16:33:05Z INFO ConfigurationManager] LoadSettings
[2023-07-11 16:33:05Z INFO ConfigurationStore] IsConfigured()
[2023-07-11 16:33:05Z INFO ConfigurationStore] IsConfigured: True
[2023-07-11 16:33:05Z INFO ConfigurationManager] Is configured: True
[2023-07-11 16:33:05Z INFO ConfigurationManager] Settings Loaded
[2023-07-11 16:33:05Z INFO MessageListener] {
  "AgentId": 22,
  "AgentName": "cs6261-vm21",
  "PoolId": 1,
  "PoolName": "Default",
  "ServerUrl": "https://pipelines.actions.githubusercontent.com/0Wh2VruhxtjXm5DAPJVefOyjok26qcSZDdgoH4dIqWpZPIHngB",
  "GitHubUrl": "https://github.com/ab00721/cs6261project4",
  "WorkFolder": "_work"
}
[2023-07-11 16:33:05Z INFO MessageListener] Loading Credentials
[2023-07-11 16:33:05Z INFO ConfigurationStore] HasCredentials()
[2023-07-11 16:33:05Z INFO ConfigurationStore] stored True
[2023-07-11 16:33:05Z INFO CredentialManager] GetCredentialProvider
[2023-07-11 16:33:05Z INFO CredentialManager] Creating type OAuth
[2023-07-11 16:33:05Z INFO CredentialManager] Creating credential type: OAuth
[2023-07-11 16:33:05Z INFO HostContext] Well known directory 'Bin': '/home/ab00721/Documents/cs6261project4/actions-runner/bin'
[2023-07-11 16:33:05Z INFO HostContext] Well known directory 'Root': '/home/ab00721/Documents/cs6261project4/actions-runner'
[2023-07-11 16:33:05Z INFO HostContext] Well known config file 'RSACredentials': '/home/ab00721/Documents/cs6261project4/actions-runner/.credentials_rsaparams'
[2023-07-11 16:33:05Z INFO RSAFileKeyManager] Loading RSA key parameters from file /home/ab00721/Documents/cs6261project4/actions-runner/.credentials_rsaparams
[2023-07-11 16:33:05Z INFO MessageListener] Attempt to create session.
[2023-07-11 16:33:05Z INFO MessageListener] Connecting to the Runner Server...
[2023-07-11 16:33:05Z INFO RunnerServer] EstablishVssConnection
[2023-07-11 16:33:05Z INFO RunnerServer] Establish connection with 100 seconds timeout.
[2023-07-11 16:33:05Z INFO GitHubActionsService] Starting operation Location.GetConnectionData
[2023-07-11 16:33:05Z INFO RunnerServer] EstablishVssConnection
[2023-07-11 16:33:05Z INFO RunnerServer] Establish connection with 60 seconds timeout.
[2023-07-11 16:33:05Z INFO GitHubActionsService] Starting operation Location.GetConnectionData
[2023-07-11 16:33:05Z INFO RunnerServer] EstablishVssConnection
[2023-07-11 16:33:05Z INFO RunnerServer] Establish connection with 60 seconds timeout.
[2023-07-11 16:33:05Z INFO GitHubActionsService] Starting operation Location.GetConnectionData
[2023-07-11 16:33:05Z INFO GitHubActionsService] Finished operation Location.GetConnectionData
[2023-07-11 16:33:05Z INFO GitHubActionsService] Finished operation Location.GetConnectionData
[2023-07-11 16:33:05Z INFO GitHubActionsService] Finished operation Location.GetConnectionData
[2023-07-11 16:33:06Z INFO MessageListener] VssConnection created
[2023-07-11 16:33:06Z INFO Terminal] WRITE LINE: 
[2023-07-11 16:33:06Z INFO Terminal] WRITE LINE: 
[2023-07-11 16:33:06Z INFO RSAFileKeyManager] Loading RSA key parameters from file /home/ab00721/Documents/cs6261project4/actions-runner/.credentials_rsaparams
[2023-07-11 16:33:06Z INFO RSAFileKeyManager] Loading RSA key parameters from file /home/ab00721/Documents/cs6261project4/actions-runner/.credentials_rsaparams
[2023-07-11 16:33:06Z INFO GitHubActionsService] AAD Correlation ID for this token request: Unknown
[2023-07-11 16:33:06Z INFO MessageListener] Session created.
[2023-07-11 16:33:06Z INFO Terminal] WRITE LINE: Current runner version: '2.306.0'
[2023-07-11 16:33:06Z INFO Terminal] WRITE LINE: 2023-07-11 16:33:06Z: Listening for Jobs
[2023-07-11 16:33:06Z INFO JobDispatcher] Set runner/worker IPC timeout to 30 seconds.
[2023-07-11 16:37:40Z INFO RSAFileKeyManager] Loading RSA key parameters from file /home/ab00721/Documents/cs6261project4/actions-runner/.credentials_rsaparams
[2023-07-11 16:37:40Z INFO MessageListener] Message '1' received from session '29923e4b-808b-4d78-a8c0-4a440ddfa8e4'.
[2023-07-11 16:37:40Z INFO Runner] Received job message of length 22990 from service, with hash '9e34980edc343d602e49369a494c5a3562ece63e27ace917e06c02af6efc2608'
[2023-07-11 16:37:40Z INFO JobDispatcher] Job request 20 for plan ffcf6a6c-617e-486a-81c5-5d9b8d5becb2 job ca395085-040a-526b-2ce8-bdc85f692774 received.
[2023-07-11 16:37:40Z INFO JobDispatcher] Pull OrchestrationId ffcf6a6c-617e-486a-81c5-5d9b8d5becb2.build.__default from JWT claims
[2023-07-11 16:37:40Z INFO Terminal] WRITE LINE: 2023-07-11 16:37:40Z: Running job: build
[2023-07-11 16:37:40Z INFO JobDispatcher] Start renew job request 20 for job ca395085-040a-526b-2ce8-bdc85f692774.
[2023-07-11 16:37:40Z INFO JobDispatcher] Successfully renew job request 20, job is valid till 7/11/2023 4:47:40 PM
[2023-07-11 16:37:40Z INFO HostContext] Well known directory 'Bin': '/home/ab00721/Documents/cs6261project4/actions-runner/bin'
[2023-07-11 16:37:40Z INFO ProcessInvokerWrapper] Starting process:
[2023-07-11 16:37:40Z INFO ProcessInvokerWrapper]   File name: '/home/ab00721/Documents/cs6261project4/actions-runner/bin/Runner.Worker'
[2023-07-11 16:37:40Z INFO ProcessInvokerWrapper]   Arguments: 'spawnclient 108 111'
[2023-07-11 16:37:40Z INFO ProcessInvokerWrapper]   Working directory: '/home/ab00721/Documents/cs6261project4/actions-runner/bin'
[2023-07-11 16:37:40Z INFO ProcessInvokerWrapper]   Require exit code zero: 'False'
[2023-07-11 16:37:40Z INFO ProcessInvokerWrapper]   Encoding web name:  ; code page: ''
[2023-07-11 16:37:40Z INFO ProcessInvokerWrapper]   Force kill process on cancellation: 'True'
[2023-07-11 16:37:40Z INFO ProcessInvokerWrapper]   Redirected STDIN: 'False'
[2023-07-11 16:37:40Z INFO ProcessInvokerWrapper]   Persist current code page: 'False'
[2023-07-11 16:37:40Z INFO ProcessInvokerWrapper]   Keep redirected STDIN open: 'False'
[2023-07-11 16:37:40Z INFO ProcessInvokerWrapper]   High priority process: 'True'
[2023-07-11 16:37:40Z INFO ProcessInvokerWrapper] Process started with process id 490182, waiting for process exit.
[2023-07-11 16:37:40Z INFO JobDispatcher] Send job request message to worker for job ca395085-040a-526b-2ce8-bdc85f692774.
[2023-07-11 16:37:40Z INFO ProcessChannel] Sending message of length 22990, with hash '9e34980edc343d602e49369a494c5a3562ece63e27ace917e06c02af6efc2608'
[2023-07-11 16:37:40Z INFO JobNotification] Entering JobStarted Notification
[2023-07-11 16:37:40Z INFO JobNotification] Entering StartMonitor
[2023-07-11 16:38:40Z INFO JobDispatcher] Successfully renew job request 20, job is valid till 7/11/2023 4:48:40 PM
[2023-07-11 16:39:40Z INFO JobDispatcher] Successfully renew job request 20, job is valid till 7/11/2023 4:49:40 PM
[2023-07-11 16:40:40Z INFO JobDispatcher] Successfully renew job request 20, job is valid till 7/11/2023 4:50:40 PM
[2023-07-11 16:41:41Z INFO JobDispatcher] Successfully renew job request 20, job is valid till 7/11/2023 4:51:41 PM
[2023-07-11 16:42:41Z INFO JobDispatcher] Successfully renew job request 20, job is valid till 7/11/2023 4:52:41 PM
[2023-07-11 16:42:58Z INFO ProcessInvokerWrapper] STDOUT/STDERR stream read finished.
[2023-07-11 16:42:58Z INFO ProcessInvokerWrapper] STDOUT/STDERR stream read finished.
[2023-07-11 16:42:58Z INFO ProcessInvokerWrapper] Finished process 490182 with exit code 100, and elapsed time 00:05:17.4536135.
[2023-07-11 16:42:58Z INFO JobDispatcher] Worker finished for job ca395085-040a-526b-2ce8-bdc85f692774. Code: 100
[2023-07-11 16:42:58Z INFO JobDispatcher] finish job request for job ca395085-040a-526b-2ce8-bdc85f692774 with result: Succeeded
[2023-07-11 16:42:58Z INFO Terminal] WRITE LINE: 2023-07-11 16:42:58Z: Job build completed with result: Succeeded
[2023-07-11 16:42:58Z INFO JobDispatcher] Stop renew job request for job ca395085-040a-526b-2ce8-bdc85f692774.
[2023-07-11 16:42:58Z INFO JobDispatcher] job renew has been cancelled, stop renew job request 20.
[2023-07-11 16:42:58Z INFO JobNotification] Entering JobCompleted Notification
[2023-07-11 16:42:58Z INFO JobNotification] Entering EndMonitor
[2023-07-11 16:50:37Z INFO RSAFileKeyManager] Loading RSA key parameters from file /home/ab00721/Documents/cs6261project4/actions-runner/.credentials_rsaparams
[2023-07-11 16:50:37Z INFO MessageListener] Message '2' received from session '29923e4b-808b-4d78-a8c0-4a440ddfa8e4'.
[2023-07-11 16:50:37Z INFO Runner] Received job message of length 25334 from service, with hash '8f5bc1bb1f14fd18b31b157fd6f5d8580ad3bf1ff740f2b46230d38c7de7ce71'
[2023-07-11 16:50:37Z INFO JobDispatcher] Job request 21 for plan fe398e5d-d109-4436-afaf-5f287c51a98a job ca395085-040a-526b-2ce8-bdc85f692774 received.
[2023-07-11 16:50:37Z INFO JobDispatcher] Pull OrchestrationId fe398e5d-d109-4436-afaf-5f287c51a98a.build.__default from JWT claims
[2023-07-11 16:50:37Z INFO JobDispatcher] Job request ca395085-040a-526b-2ce8-bdc85f692774 processed succeed.
[2023-07-11 16:50:37Z INFO Terminal] WRITE LINE: 2023-07-11 16:50:37Z: Running job: build
[2023-07-11 16:50:37Z INFO JobDispatcher] Start renew job request 21 for job ca395085-040a-526b-2ce8-bdc85f692774.
[2023-07-11 16:50:37Z INFO JobDispatcher] Successfully renew job request 21, job is valid till 7/11/2023 5:00:37 PM
[2023-07-11 16:50:37Z INFO HostContext] Well known directory 'Bin': '/home/ab00721/Documents/cs6261project4/actions-runner/bin'
[2023-07-11 16:50:37Z INFO ProcessInvokerWrapper] Starting process:
[2023-07-11 16:50:37Z INFO ProcessInvokerWrapper]   File name: '/home/ab00721/Documents/cs6261project4/actions-runner/bin/Runner.Worker'
[2023-07-11 16:50:37Z INFO ProcessInvokerWrapper]   Arguments: 'spawnclient 109 113'
[2023-07-11 16:50:37Z INFO ProcessInvokerWrapper]   Working directory: '/home/ab00721/Documents/cs6261project4/actions-runner/bin'
[2023-07-11 16:50:37Z INFO ProcessInvokerWrapper]   Require exit code zero: 'False'
[2023-07-11 16:50:37Z INFO ProcessInvokerWrapper]   Encoding web name:  ; code page: ''
[2023-07-11 16:50:37Z INFO ProcessInvokerWrapper]   Force kill process on cancellation: 'True'
[2023-07-11 16:50:37Z INFO ProcessInvokerWrapper]   Redirected STDIN: 'False'
[2023-07-11 16:50:37Z INFO ProcessInvokerWrapper]   Persist current code page: 'False'
[2023-07-11 16:50:37Z INFO ProcessInvokerWrapper]   Keep redirected STDIN open: 'False'
[2023-07-11 16:50:37Z INFO ProcessInvokerWrapper]   High priority process: 'True'
[2023-07-11 16:50:37Z INFO ProcessInvokerWrapper] Process started with process id 492793, waiting for process exit.
[2023-07-11 16:50:37Z INFO JobDispatcher] Send job request message to worker for job ca395085-040a-526b-2ce8-bdc85f692774.
[2023-07-11 16:50:37Z INFO ProcessChannel] Sending message of length 25334, with hash '8f5bc1bb1f14fd18b31b157fd6f5d8580ad3bf1ff740f2b46230d38c7de7ce71'
[2023-07-11 16:50:37Z INFO JobNotification] Entering JobStarted Notification
[2023-07-11 16:50:37Z INFO JobNotification] Entering StartMonitor
[2023-07-11 16:51:37Z INFO JobDispatcher] Successfully renew job request 21, job is valid till 7/11/2023 5:01:37 PM
[2023-07-11 16:52:37Z INFO JobDispatcher] Successfully renew job request 21, job is valid till 7/11/2023 5:02:37 PM
[2023-07-11 16:53:38Z INFO JobDispatcher] Successfully renew job request 21, job is valid till 7/11/2023 5:03:38 PM
[2023-07-11 16:54:38Z INFO JobDispatcher] Successfully renew job request 21, job is valid till 7/11/2023 5:04:38 PM
[2023-07-11 16:55:38Z INFO JobDispatcher] Successfully renew job request 21, job is valid till 7/11/2023 5:05:38 PM
[2023-07-11 16:56:38Z INFO JobDispatcher] Successfully renew job request 21, job is valid till 7/11/2023 5:06:38 PM
[2023-07-11 16:57:38Z INFO JobDispatcher] Successfully renew job request 21, job is valid till 7/11/2023 5:07:38 PM
[2023-07-11 16:58:38Z INFO JobDispatcher] Successfully renew job request 21, job is valid till 7/11/2023 5:08:38 PM
[2023-07-11 16:59:38Z INFO JobDispatcher] Successfully renew job request 21, job is valid till 7/11/2023 5:09:38 PM
[2023-07-11 17:00:38Z INFO JobDispatcher] Successfully renew job request 21, job is valid till 7/11/2023 5:10:38 PM
[2023-07-11 17:01:38Z INFO JobDispatcher] Successfully renew job request 21, job is valid till 7/11/2023 5:11:38 PM
[2023-07-11 17:02:20Z INFO ProcessInvokerWrapper] STDOUT/STDERR stream read finished.
[2023-07-11 17:02:20Z INFO ProcessInvokerWrapper] STDOUT/STDERR stream read finished.
[2023-07-11 17:02:20Z INFO ProcessInvokerWrapper] Finished process 492793 with exit code 102, and elapsed time 00:11:42.1712741.
[2023-07-11 17:02:20Z INFO JobDispatcher] Worker finished for job ca395085-040a-526b-2ce8-bdc85f692774. Code: 102
[2023-07-11 17:02:20Z INFO JobDispatcher] finish job request for job ca395085-040a-526b-2ce8-bdc85f692774 with result: Failed
[2023-07-11 17:02:20Z INFO Terminal] WRITE LINE: 2023-07-11 17:02:20Z: Job build completed with result: Failed
[2023-07-11 17:02:20Z INFO JobDispatcher] Stop renew job request for job ca395085-040a-526b-2ce8-bdc85f692774.
[2023-07-11 17:02:20Z INFO JobDispatcher] job renew has been cancelled, stop renew job request 21.
[2023-07-11 17:02:20Z INFO JobNotification] Entering JobCompleted Notification
[2023-07-11 17:02:20Z INFO JobNotification] Entering EndMonitor
[2023-07-11 17:06:07Z INFO Terminal] WRITE LINE: Exiting...
[2023-07-11 17:06:07Z INFO ConfigurationStore] IsServiceConfigured()
[2023-07-11 17:06:07Z INFO ConfigurationStore] IsServiceConfigured: False
[2023-07-11 17:06:07Z INFO HostContext] Runner will be shutdown for UserCancelled
[2023-07-11 17:06:07Z WARN GitHubActionsService] GET request to https://pipelines.actions.githubusercontent.com/0Wh2VruhxtjXm5DAPJVefOyjok26qcSZDdgoH4dIqWpZPIHngB/_apis/distributedtask/pools/1/messages?sessionId=29923e4b-808b-4d78-a8c0-4a440ddfa8e4&lastMessageId=2&status=Online&runnerVersion=2.306.0 has been cancelled.
[2023-07-11 17:06:07Z INFO MessageListener] Get next message has been cancelled.
[2023-07-11 17:06:07Z INFO JobDispatcher] Shutting down JobDispatcher. Make sure all WorkerDispatcher has finished.
[2023-07-11 17:06:07Z INFO JobDispatcher] Ensure WorkerDispather for job ca395085-040a-526b-2ce8-bdc85f692774 run to finish, cancel any running job.
[2023-07-11 17:06:07Z INFO JobDispatcher] Job request ca395085-040a-526b-2ce8-bdc85f692774 processed succeed.
[2023-07-11 17:06:07Z INFO Listener] Runner execution been cancelled.
